Determining if the pthread_create exist failed with the following output:
Change Dir: /home/local/ITAM/evenancil/Documents/Padawans/build/CMakeFiles/CMakeTmp

Run Build Command:/usr/bin/make "cmTryCompileExec337256519/fast"
/usr/bin/make -f CMakeFiles/cmTryCompileExec337256519.dir/build.make CMakeFiles/cmTryCompileExec337256519.dir/build
make[1]: Entering directory `/home/local/ITAM/evenancil/Documents/Padawans/build/CMakeFiles/CMakeTmp'
/usr/bin/cmake -E cmake_progress_report /home/local/ITAM/evenancil/Documents/Padawans/build/CMakeFiles/CMakeTmp/CMakeFiles 1
Building C object CMakeFiles/cmTryCompileExec337256519.dir/CheckSymbolExists.c.o
/usr/bin/cc    -o CMakeFiles/cmTryCompileExec337256519.dir/CheckSymbolExists.c.o   -c /home/local/ITAM/evenancil/Documents/Padawans/build/CMakeFiles/CMakeTmp/CheckSymbolExists.c
Linking C executable cmTryCompileExec337256519
/usr/bin/cmake -E cmake_link_script CMakeFiles/cmTryCompileExec337256519.dir/link.txt --verbose=1
/usr/bin/cc       CMakeFiles/cmTryCompileExec337256519.dir/CheckSymbolExists.c.o  -o cmTryCompileExec337256519 -rdynamic 
CMakeFiles/cmTryCompileExec337256519.dir/CheckSymbolExists.c.o: In function `main':
CheckSymbolExists.c:(.text+0x16): undefined reference to `pthread_create'
collect2: error: ld returned 1 exit status
make[1]: Leaving directory `/home/local/ITAM/evenancil/Documents/Padawans/build/CMakeFiles/CMakeTmp'
make[1]: *** [cmTryCompileExec337256519] Error 1
make: *** [cmTryCompileExec337256519/fast] Error 2

File /home/local/ITAM/evenancil/Documents/Padawans/build/CMakeFiles/CMakeTmp/CheckSymbolExists.c:
/* */
#include <pthread.h>

int main(int argc, char** argv)
{
  (void)argv;
#ifndef pthread_create
  return ((int*)(&pthread_create))[argc];
#else
  (void)argc;
  return 0;
#endif
}

Determining if the function pthread_create exists in the pthreads failed with the following output:
Change Dir: /home/local/ITAM/evenancil/Documents/Padawans/build/CMakeFiles/CMakeTmp

Run Build Command:/usr/bin/make "cmTryCompileExec4091930875/fast"
/usr/bin/make -f CMakeFiles/cmTryCompileExec4091930875.dir/build.make CMakeFiles/cmTryCompileExec4091930875.dir/build
make[1]: Entering directory `/home/local/ITAM/evenancil/Documents/Padawans/build/CMakeFiles/CMakeTmp'
/usr/bin/cmake -E cmake_progress_report /home/local/ITAM/evenancil/Documents/Padawans/build/CMakeFiles/CMakeTmp/CMakeFiles 1
Building C object CMakeFiles/cmTryCompileExec4091930875.dir/CheckFunctionExists.c.o
/usr/bin/cc   -DCHECK_FUNCTION_EXISTS=pthread_create   -o CMakeFiles/cmTryCompileExec4091930875.dir/CheckFunctionExists.c.o   -c /usr/share/cmake-2.8/Modules/CheckFunctionExists.c
Linking C executable cmTryCompileExec4091930875
/usr/bin/cmake -E cmake_link_script CMakeFiles/cmTryCompileExec4091930875.dir/link.txt --verbose=1
/usr/bin/cc   -DCHECK_FUNCTION_EXISTS=pthread_create    CMakeFiles/cmTryCompileExec4091930875.dir/CheckFunctionExists.c.o  -o cmTryCompileExec4091930875 -rdynamic -lpthreads 
/usr/bin/ld: cannot find -lpthreads
collect2: error: ld returned 1 exit status
make[1]: *** [cmTryCompileExec4091930875] Error 1
make[1]: Leaving directory `/home/local/ITAM/evenancil/Documents/Padawans/build/CMakeFiles/CMakeTmp'
make: *** [cmTryCompileExec4091930875/fast] Error 2


